<?xml version="1.0" encoding="UTF-8"?>
<testng-results skipped="0" failed="0" ignored="0" total="1" passed="1">
  <reporter-output>
  </reporter-output>
  <suite name="Default suite" duration-ms="17770" started-at="2021-08-12T11:56:15 IST" finished-at="2021-08-12T11:56:33 IST">
    <groups>
    </groups>
    <test name="Default test" duration-ms="17770" started-at="2021-08-12T11:56:15 IST" finished-at="2021-08-12T11:56:33 IST">
      <class name="tests.TimerTest">
        <test-method status="PASS" signature="setup()[pri:0, instance:tests.TimerTest@23d2a7e8]" name="setup" is-config="true" duration-ms="3783" started-at="2021-08-12T11:56:15 IST" finished-at="2021-08-12T11:56:19 IST">
          <reporter-output>
          </reporter-output>
        </test-method> <!-- setup -->
        <test-method status="PASS" signature="timerTest10Seconds()[pri:0, instance:tests.TimerTest@23d2a7e8]" name="timerTest10Seconds" duration-ms="13668" started-at="2021-08-12T11:56:19 IST" finished-at="2021-08-12T11:56:33 IST">
          <reporter-output>
          </reporter-output>
        </test-method> <!-- timerTest10Seconds -->
        <test-method status="PASS" signature="tearDownBrowser()[pri:0, instance:tests.TimerTest@23d2a7e8]" name="tearDownBrowser" is-config="true" duration-ms="208" started-at="2021-08-12T11:56:33 IST" finished-at="2021-08-12T11:56:33 IST">
          <reporter-output>
          </reporter-output>
        </test-method> <!-- tearDownBrowser -->
      </class> <!-- tests.TimerTest -->
    </test> <!-- Default test -->
  </suite> <!-- Default suite -->
</testng-results>
